0 info it worked if it ends with ok
1 verbose cli [ 'D:\\Program Files\\nodejs\\node.exe',
1 verbose cli   'D:\\Program Files\\nodejs\\node_modules\\npm\\bin\\npm-cli.js',
1 verbose cli   'run',
1 verbose cli   'dev' ]
2 info using npm@3.10.10
3 info using node@v6.9.5
4 verbose run-script [ 'predev', 'dev', 'postdev' ]
5 info lifecycle caipiao@1.0.0~predev: caipiao@1.0.0
6 silly lifecycle caipiao@1.0.0~predev: no script for predev, continuing
7 info lifecycle caipiao@1.0.0~dev: caipiao@1.0.0
8 verbose lifecycle caipiao@1.0.0~dev: unsafe-perm in lifecycle true
9 verbose lifecycle caipiao@1.0.0~dev: PATH: D:\Program Files\nodejs\node_modules\npm\bin\node-gyp-bin;D:\caipiao\caipiao\node_modules\.bin;D:\Program Files\Git\mingw64\bin;D:\Program Files\Git\usr\bin;C:\Users\moka\bin;C:\Python27;C:\Python27\Scripts;C:\Perl64\site\bin;C:\Perl64\bin;C:\ProgramData\Oracle\Java\javapath;C:\WINDOWS\system32;C:\WINDOWS;C:\WINDOWS\System32\Wbem;C:\WINDOWS\System32\WindowsPowerShell\v1.0;D:\Program Files\Git\cmd;C:\Program Files\Java\jdk1.8.0_111\bin;C:\Program Files\Java\jdk1.8.0_111\jre\bin;D:\Program Files\MongoDB\Server\3.4\bin;D:\Program Files\Redis;C:\WINDOWS\system32\config\systemprofile\.dnx\bin;C:\Program Files\Microsoft DNX\Dnvm;C:\Program Files\Microsoft SQL Server\130\Tools\Binn;D:\Program Files (x86)\Subversion\bin;D:\Program Files\TortoiseSVN\bin;C:\Program Files\Dart\dart-sdk\bin;D:\Program Files\android\tools;D:\Program Files\android\platform-tools;D:\Program Files\nodejs;%MAVEN_HOME%\bin;C:\Users\moka\AppData\Local\atom\bin;C:\Users\moka\AppData\Local\Microsoft\WindowsApps;D:\Program Files (x86)\Microsoft VS Code\bin;C:\Users\moka\AppData\Roaming\npm
10 verbose lifecycle caipiao@1.0.0~dev: CWD: D:\caipiao\caipiao
11 silly lifecycle caipiao@1.0.0~dev: Args: [ '/d /s /c', 'node build/dev-server.js NODE_ENV=development' ]
12 silly lifecycle caipiao@1.0.0~dev: Returned: code: 1  signal: null
13 info lifecycle caipiao@1.0.0~dev: Failed to exec dev script
14 verbose stack Error: caipiao@1.0.0 dev: `node build/dev-server.js NODE_ENV=development`
14 verbose stack Exit status 1
14 verbose stack     at EventEmitter.<anonymous> (D:\Program Files\nodejs\node_modules\npm\lib\utils\lifecycle.js:255:16)
14 verbose stack     at emitTwo (events.js:106:13)
14 verbose stack     at EventEmitter.emit (events.js:191:7)
14 verbose stack     at ChildProcess.<anonymous> (D:\Program Files\nodejs\node_modules\npm\lib\utils\spawn.js:40:14)
14 verbose stack     at emitTwo (events.js:106:13)
14 verbose stack     at ChildProcess.emit (events.js:191:7)
14 verbose stack     at maybeClose (internal/child_process.js:877:16)
14 verbose stack     at Process.ChildProcess._handle.onexit (internal/child_process.js:226:5)
15 verbose pkgid caipiao@1.0.0
16 verbose cwd D:\caipiao\caipiao
17 error Windows_NT 10.0.14393
18 error argv "D:\\Program Files\\nodejs\\node.exe" "D:\\Program Files\\nodejs\\node_modules\\npm\\bin\\npm-cli.js" "run" "dev"
19 error node v6.9.5
20 error npm  v3.10.10
21 error code ELIFECYCLE
22 error caipiao@1.0.0 dev: `node build/dev-server.js NODE_ENV=development`
22 error Exit status 1
23 error Failed at the caipiao@1.0.0 dev script 'node build/dev-server.js NODE_ENV=development'.
23 error Make sure you have the latest version of node.js and npm installed.
23 error If you do, this is most likely a problem with the caipiao package,
23 error not with npm itself.
23 error Tell the author that this fails on your system:
23 error     node build/dev-server.js NODE_ENV=development
23 error You can get information on how to open an issue for this project with:
23 error     npm bugs caipiao
23 error Or if that isn't available, you can get their info via:
23 error     npm owner ls caipiao
23 error There is likely additional logging output above.
24 verbose exit [ 1, true ]
